wear/build/intermediates/manifest_merge_blame_file/debug/processDebugMainManifest/manifest-merger-blame-debug-report.txt
1<?xml version="1.0" encoding="utf-8"?>
2<manifest xmlns:android="http://schemas.android.com/apk/res/android"
3    package="com.liukscot.reminders"
4    android:versionCode="1"
5    android:versionName="1.0" >
6
7    <uses-sdk
7-->INJECTED
8        android:minSdkVersion="30"
8-->INJECTED
9        android:targetSdkVersion="37" />
9-->INJECTED
10
11    <uses-feature android:name="android.hardware.type.watch" />
11-->src/main/AndroidManifest.xml:3:5-64
11-->src/main/AndroidManifest.xml:3:19-61
12
13    <uses-permission android:name="android.permission.RECORD_AUDIO" />
13-->src/main/AndroidManifest.xml:5:5-71
13-->src/main/AndroidManifest.xml:5:22-68
14    <uses-permission android:name="android.permission.POST_NOTIFICATIONS" />
14-->src/main/AndroidManifest.xml:6:5-77
14-->src/main/AndroidManifest.xml:6:22-74
15    <uses-permission android:name="android.permission.WAKE_LOCK" />
15-->src/main/AndroidManifest.xml:7:5-68
15-->src/main/AndroidManifest.xml:7:22-65
16
17    <!--
18         The watch transcribes locally and hands the text to the phone, so it needs to see the
19         recognition service. Android 11+ hides other packages unless they are declared here.
20    -->
21    <queries>
21-->src/main/AndroidManifest.xml:11:5-15:15
22        <intent>
22-->src/main/AndroidManifest.xml:12:9-14:18
23            <action android:name="android.speech.RecognitionService" />
23-->src/main/AndroidManifest.xml:13:13-72
23-->src/main/AndroidManifest.xml:13:21-69
24        </intent>
25    </queries>
26
27    <permission
27-->[androidx.core:core:1.17.0] AndroidManifest.xml:22:5-24:47
28        android:name="com.liukscot.reminders.DYNAMIC_RECEIVER_NOT_EXPORTED_PERMISSION"
28-->[androidx.core:core:1.17.0] AndroidManifest.xml:23:9-81
29        android:protectionLevel="signature" />
29-->[androidx.core:core:1.17.0] AndroidManifest.xml:24:9-44
30
31    <uses-permission android:name="com.liukscot.reminders.DYNAMIC_RECEIVER_NOT_EXPORTED_PERMISSION" />
31-->[androidx.core:core:1.17.0] AndroidManifest.xml:26:5-97
31-->[androidx.core:core:1.17.0] AndroidManifest.xml:26:22-94
32
33    <application
33-->src/main/AndroidManifest.xml:17:5-71:19
34        android:allowBackup="true"
34-->src/main/AndroidManifest.xml:18:9-35
35        android:appComponentFactory="androidx.core.app.CoreComponentFactory"
35-->[androidx.core:core:1.17.0] AndroidManifest.xml:28:18-86
36        android:debuggable="true"
37        android:extractNativeLibs="false"
37-->INJECTED
38        android:icon="@mipmap/ic_launcher"
38-->src/main/AndroidManifest.xml:19:9-43
39        android:label="@string/app_name"
39-->src/main/AndroidManifest.xml:20:9-41
40        android:supportsRtl="true"
40-->src/main/AndroidManifest.xml:21:9-35
41        android:theme="@style/Theme.Reminders.Wear" >
41-->src/main/AndroidManifest.xml:22:9-52
42        <uses-library
42-->src/main/AndroidManifest.xml:24:9-26:40
43            android:name="com.google.android.wearable"
43-->src/main/AndroidManifest.xml:25:13-55
44            android:required="false" />
44-->src/main/AndroidManifest.xml:26:13-37
45
46        <!-- Declares the app is usable without a phone-side counterpart being opened first. -->
47        <meta-data
47-->src/main/AndroidManifest.xml:29:9-31:36
48            android:name="com.google.android.wearable.standalone"
48-->src/main/AndroidManifest.xml:30:13-66
49            android:value="true" />
49-->src/main/AndroidManifest.xml:31:13-33
50
51        <!-- The launcher lands straight on voice capture: in v1 that is the whole app. -->
52        <activity
52-->src/main/AndroidManifest.xml:34:9-43:20
53            android:name="com.liukscot.reminders.wear.MainActivity"
53-->src/main/AndroidManifest.xml:35:13-41
54            android:exported="true"
54-->src/main/AndroidManifest.xml:36:13-36
55            android:taskAffinity=""
55-->src/main/AndroidManifest.xml:37:13-36
56            android:theme="@style/Theme.Reminders.Wear" >
56-->src/main/AndroidManifest.xml:38:13-56
57            <intent-filter>
57-->src/main/AndroidManifest.xml:39:13-42:29
58                <action android:name="android.intent.action.MAIN" />
58-->src/main/AndroidManifest.xml:40:17-69
58-->src/main/AndroidManifest.xml:40:25-66
59
60                <category android:name="android.intent.category.LAUNCHER" />
60-->src/main/AndroidManifest.xml:41:17-77
60-->src/main/AndroidManifest.xml:41:27-74
61            </intent-filter>
62        </activity>
63
64        <!-- Opened by the Snooze action on the watch's own reminder notification. -->
65        <activity
65-->src/main/AndroidManifest.xml:46:9-52:59
66            android:name="com.liukscot.reminders.wear.SnoozeActivity"
66-->src/main/AndroidManifest.xml:47:13-43
67            android:excludeFromRecents="true"
67-->src/main/AndroidManifest.xml:49:13-46
68            android:exported="false"
68-->src/main/AndroidManifest.xml:48:13-37
69            android:launchMode="singleTask"
69-->src/main/AndroidManifest.xml:50:13-44
70            android:showWhenLocked="true"
70-->src/main/AndroidManifest.xml:51:13-42
71            android:theme="@style/Theme.Reminders.Wear" />
71-->src/main/AndroidManifest.xml:52:13-56
72
73        <service
73-->src/main/AndroidManifest.xml:54:9-69:19
74            android:name="com.liukscot.reminders.wear.VoiceComplicationService"
74-->src/main/AndroidManifest.xml:55:13-53
75            android:exported="true"
75-->src/main/AndroidManifest.xml:56:13-36
76            android:label="@string/voice_complication_label"
76-->src/main/AndroidManifest.xml:57:13-61
77            android:permission="com.google.android.wearable.permission.BIND_COMPLICATION_PROVIDER" >
77-->src/main/AndroidManifest.xml:58:13-99
78            <intent-filter>
78-->src/main/AndroidManifest.xml:59:13-61:29
79                <action android:name="android.support.wearable.complications.ACTION_COMPLICATION_UPDATE_REQUEST" />
79-->src/main/AndroidManifest.xml:60:17-116
79-->src/main/AndroidManifest.xml:60:25-113
80            </intent-filter>
81
82            <meta-data
82-->src/main/AndroidManifest.xml:62:13-64:78
83                android:name="android.support.wearable.complications.SUPPORTED_TYPES"
83-->src/main/AndroidManifest.xml:63:17-86
84                android:value="SHORT_TEXT,MONOCHROMATIC_IMAGE,SMALL_IMAGE" />
84-->src/main/AndroidManifest.xml:64:17-75
85            <!-- Static content: the label never changes, so the system never needs to poll. -->
86            <meta-data
86-->src/main/AndroidManifest.xml:66:13-68:37
87                android:name="android.support.wearable.complications.UPDATE_PERIOD_SECONDS"
87-->src/main/AndroidManifest.xml:67:17-92
88                android:value="0" />
88-->src/main/AndroidManifest.xml:68:17-34
89        </service>
90
91        <uses-library
91-->[androidx.wear.compose:compose-foundation:1.6.2] AndroidManifest.xml:23:9-25:40
92            android:name="wear-sdk"
92-->[androidx.wear.compose:compose-foundation:1.6.2] AndroidManifest.xml:24:13-36
93            android:required="false" />
93-->[androidx.wear.compose:compose-foundation:1.6.2] AndroidManifest.xml:25:13-37
94
95        <activity
95-->[androidx.compose.ui:ui-tooling-android:1.11.3] AndroidManifest.xml:23:9-25:39
96            android:name="androidx.compose.ui.tooling.PreviewActivity"
96-->[androidx.compose.ui:ui-tooling-android:1.11.3] AndroidManifest.xml:24:13-71
97            android:exported="true" />
97-->[androidx.compose.ui:ui-tooling-android:1.11.3] AndroidManifest.xml:25:13-36
98
99        <provider
99-->[androidx.emoji2:emoji2:1.4.0] AndroidManifest.xml:24:9-32:20
100            android:name="androidx.startup.InitializationProvider"
100-->[androidx.emoji2:emoji2:1.4.0] AndroidManifest.xml:25:13-67
101            android:authorities="com.liukscot.reminders.androidx-startup"
101-->[androidx.emoji2:emoji2:1.4.0] AndroidManifest.xml:26:13-68
102            android:exported="false" >
102-->[androidx.emoji2:emoji2:1.4.0] AndroidManifest.xml:27:13-37
103            <meta-data
103-->[androidx.emoji2:emoji2:1.4.0] AndroidManifest.xml:29:13-31:52
104                android:name="androidx.emoji2.text.EmojiCompatInitializer"
104-->[androidx.emoji2:emoji2:1.4.0] AndroidManifest.xml:30:17-75
105                android:value="androidx.startup" />
105-->[androidx.emoji2:emoji2:1.4.0] AndroidManifest.xml:31:17-49
106            <meta-data
106-->[androidx.lifecycle:lifecycle-process:2.9.4] AndroidManifest.xml:29:13-31:52
107                android:name="androidx.lifecycle.ProcessLifecycleInitializer"
107-->[androidx.lifecycle:lifecycle-process:2.9.4] AndroidManifest.xml:30:17-78
108                android:value="androidx.startup" />
108-->[androidx.lifecycle:lifecycle-process:2.9.4] AndroidManifest.xml:31:17-49
109            <meta-data
109-->[androidx.profileinstaller:profileinstaller:1.4.0] AndroidManifest.xml:29:13-31:52
110                android:name="androidx.profileinstaller.ProfileInstallerInitializer"
110-->[androidx.profileinstaller:profileinstaller:1.4.0] AndroidManifest.xml:30:17-85
111                android:value="androidx.startup" />
111-->[androidx.profileinstaller:profileinstaller:1.4.0] AndroidManifest.xml:31:17-49
112        </provider>
113
114        <uses-library
114-->[androidx.window:window:1.5.0] AndroidManifest.xml:23:9-25:40
115            android:name="androidx.window.extensions"
115-->[androidx.window:window:1.5.0] AndroidManifest.xml:24:13-54
116            android:required="false" />
116-->[androidx.window:window:1.5.0] AndroidManifest.xml:25:13-37
117        <uses-library
117-->[androidx.window:window:1.5.0] AndroidManifest.xml:26:9-28:40
118            android:name="androidx.window.sidecar"
118-->[androidx.window:window:1.5.0] AndroidManifest.xml:27:13-51
119            android:required="false" />
119-->[androidx.window:window:1.5.0] AndroidManifest.xml:28:13-37
120
121        <receiver
121-->[androidx.profileinstaller:profileinstaller:1.4.0] AndroidManifest.xml:34:9-52:20
122            android:name="androidx.profileinstaller.ProfileInstallReceiver"
122-->[androidx.profileinstaller:profileinstaller:1.4.0] AndroidManifest.xml:35:13-76
123            android:directBootAware="false"
123-->[androidx.profileinstaller:profileinstaller:1.4.0] AndroidManifest.xml:36:13-44
124            android:enabled="true"
124-->[androidx.profileinstaller:profileinstaller:1.4.0] AndroidManifest.xml:37:13-35
125            android:exported="true"
125-->[androidx.profileinstaller:profileinstaller:1.4.0] AndroidManifest.xml:38:13-36
126            android:permission="android.permission.DUMP" >
126-->[androidx.profileinstaller:profileinstaller:1.4.0] AndroidManifest.xml:39:13-57
127            <intent-filter>
127-->[androidx.profileinstaller:profileinstaller:1.4.0] AndroidManifest.xml:40:13-42:29
128                <action android:name="androidx.profileinstaller.action.INSTALL_PROFILE" />
128-->[androidx.profileinstaller:profileinstaller:1.4.0] AndroidManifest.xml:41:17-91
128-->[androidx.profileinstaller:profileinstaller:1.4.0] AndroidManifest.xml:41:25-88
129            </intent-filter>
130            <intent-filter>
130-->[androidx.profileinstaller:profileinstaller:1.4.0] AndroidManifest.xml:43:13-45:29
131                <action android:name="androidx.profileinstaller.action.SKIP_FILE" />
131-->[androidx.profileinstaller:profileinstaller:1.4.0] AndroidManifest.xml:44:17-85
131-->[androidx.profileinstaller:profileinstaller:1.4.0] AndroidManifest.xml:44:25-82
132            </intent-filter>
133            <intent-filter>
133-->[androidx.profileinstaller:profileinstaller:1.4.0] AndroidManifest.xml:46:13-48:29
134                <action android:name="androidx.profileinstaller.action.SAVE_PROFILE" />
134-->[androidx.profileinstaller:profileinstaller:1.4.0] AndroidManifest.xml:47:17-88
134-->[androidx.profileinstaller:profileinstaller:1.4.0] AndroidManifest.xml:47:25-85
135            </intent-filter>
136            <intent-filter>
136-->[androidx.profileinstaller:profileinstaller:1.4.0] AndroidManifest.xml:49:13-51:29
137                <action android:name="androidx.profileinstaller.action.BENCHMARK_OPERATION" />
137-->[androidx.profileinstaller:profileinstaller:1.4.0] AndroidManifest.xml:50:17-95
137-->[androidx.profileinstaller:profileinstaller:1.4.0] AndroidManifest.xml:50:25-92
138            </intent-filter>
139        </receiver>
140    </application>
141
142</manifest>